[ 2017-08-31T08:33:36+08:00 ] 127.0.0.1 /
INFO: [ app_init ] --START--
INFO: Run Behavior\BuildLiteBehavior [ RunTime:0.000000s ]
INFO: [ app_init ] --END-- [ RunTime:0.022001s ]
INFO: [ app_begin ] --START--
INFO: Run Behavior\ReadHtmlCacheBehavior [ RunTime:0.001000s ]
INFO: [ app_begin ] --END-- [ RunTime:0.001000s ]
NOTIC: [2] Missing argument 2 for Home\Controller\CurlController::curl_get(), called in D:\wamp64\www\Weichat\Home\Controller\IndexController.class.php on line 9 and defined D:\wamp64\www\Weichat\Home\Controller\CurlController.class.php 第 5 行.
NOTIC: [8] Undefined variable: cookies D:\wamp64\www\Weichat\Home\Controller\CurlController.class.php 第 11 行.
INFO: [ view_parse ] --START--
INFO: [ template_filter ] --START--
INFO: Run Behavior\ContentReplaceBehavior [ RunTime:0.022001s ]
INFO: [ template_filter ] --END-- [ RunTime:0.022001s ]
INFO: Run Behavior\ParseTemplateBehavior [ RunTime:0.064003s ]
INFO: [ view_parse ] --END-- [ RunTime:0.065003s ]
INFO: [ view_filter ] --START--
INFO: Run Behavior\WriteHtmlCacheBehavior [ RunTime:0.015001s ]
INFO: [ view_filter ] --END-- [ RunTime:0.015001s ]
INFO: [ app_end ] --START--
INFO: Run Behavior\ShowPageTraceBehavior [ RunTime:0.010001s ]
INFO: [ app_end ] --END-- [ RunTime:0.010001s ]

[ 2017-08-31T08:34:03+08:00 ] 192.168.1.65 /
INFO: [ app_init ] --START--
INFO: Run Behavior\BuildLiteBehavior [ RunTime:0.000000s ]
INFO: [ app_init ] --END-- [ RunTime:0.000000s ]
INFO: [ app_begin ] --START--
INFO: Run Behavior\ReadHtmlCacheBehavior [ RunTime:0.000000s ]
INFO: [ app_begin ] --END-- [ RunTime:0.001000s ]
NOTIC: [2] Missing argument 2 for Home\Controller\CurlController::curl_get(), called in D:\wamp64\www\Weichat\Home\Controller\IndexController.class.php on line 9 and defined D:\wamp64\www\Weichat\Home\Controller\CurlController.class.php 第 5 行.
NOTIC: [8] Undefined variable: cookies D:\wamp64\www\Weichat\Home\Controller\CurlController.class.php 第 11 行.
INFO: [ view_parse ] --START--
INFO: [ template_filter ] --START--
INFO: Run Behavior\ContentReplaceBehavior [ RunTime:0.000000s ]
INFO: [ template_filter ] --END-- [ RunTime:0.000000s ]
INFO: Run Behavior\ParseTemplateBehavior [ RunTime:0.021001s ]
INFO: [ view_parse ] --END-- [ RunTime:0.022001s ]
INFO: [ view_filter ] --START--
INFO: Run Behavior\WriteHtmlCacheBehavior [ RunTime:0.001001s ]
INFO: [ view_filter ] --END-- [ RunTime:0.001001s ]
INFO: [ app_end ] --START--
INFO: Run Behavior\ShowPageTraceBehavior [ RunTime:0.002000s ]
INFO: [ app_end ] --END-- [ RunTime:0.002000s ]

[ 2017-08-31T08:34:04+08:00 ] 127.0.0.1 /index.php/Home/Index/login?uuid=geU1uPor2Q%3D%3D
INFO: [ app_init ] --START--
INFO: Run Behavior\BuildLiteBehavior [ RunTime:0.000000s ]
INFO: [ app_init ] --END-- [ RunTime:0.000000s ]
INFO: [ app_begin ] --START--
INFO: Run Behavior\ReadHtmlCacheBehavior [ RunTime:0.000000s ]
INFO: [ app_begin ] --END-- [ RunTime:0.000000s ]
NOTIC: [2] Missing argument 2 for Home\Controller\CurlController::curl_get(), called in D:\wamp64\www\Weichat\Home\Controller\IndexController.class.php on line 20 and defined D:\wamp64\www\Weichat\Home\Controller\CurlController.class.php 第 5 行.
NOTIC: [8] Undefined variable: cookies D:\wamp64\www\Weichat\Home\Controller\CurlController.class.php 第 11 行.
NOTIC: [8] Undefined offset: 2 D:\wamp64\www\Weichat\Home\Controller\IndexController.class.php 第 24 行.
INFO: [ app_end ] --START--
INFO: Run Behavior\ShowPageTraceBehavior [ RunTime:0.001000s ]
INFO: [ app_end ] --END-- [ RunTime:0.001000s ]

[ 2017-08-31T08:34:29+08:00 ] 127.0.0.1 /index.php/Home/Index/login?uuid=geU1uPor2Q%3D%3D
INFO: [ app_init ] --START--
INFO: Run Behavior\BuildLiteBehavior [ RunTime:0.000000s ]
INFO: [ app_init ] --END-- [ RunTime:0.001000s ]
INFO: [ app_begin ] --START--
INFO: Run Behavior\ReadHtmlCacheBehavior [ RunTime:0.001001s ]
INFO: [ app_begin ] --END-- [ RunTime:0.001001s ]
NOTIC: [2] Missing argument 2 for Home\Controller\CurlController::curl_get(), called in D:\wamp64\www\Weichat\Home\Controller\IndexController.class.php on line 20 and defined D:\wamp64\www\Weichat\Home\Controller\CurlController.class.php 第 5 行.
NOTIC: [8] Undefined variable: cookies D:\wamp64\www\Weichat\Home\Controller\CurlController.class.php 第 11 行.
NOTIC: [8] Undefined offset: 2 D:\wamp64\www\Weichat\Home\Controller\IndexController.class.php 第 24 行.
INFO: [ app_end ] --START--
INFO: Run Behavior\ShowPageTraceBehavior [ RunTime:0.001000s ]
INFO: [ app_end ] --END-- [ RunTime:0.001000s ]

[ 2017-08-31T08:34:32+08:00 ] 192.168.1.65 /index.php/Home/Index/login?uuid=YZPMtCzeIQ%3D%3D
INFO: [ app_init ] --START--
INFO: Run Behavior\BuildLiteBehavior [ RunTime:0.000000s ]
INFO: [ app_init ] --END-- [ RunTime:0.000000s ]
INFO: [ app_begin ] --START--
INFO: Run Behavior\ReadHtmlCacheBehavior [ RunTime:0.000000s ]
INFO: [ app_begin ] --END-- [ RunTime:0.000000s ]
NOTIC: [2] Missing argument 2 for Home\Controller\CurlController::curl_get(), called in D:\wamp64\www\Weichat\Home\Controller\IndexController.class.php on line 20 and defined D:\wamp64\www\Weichat\Home\Controller\CurlController.class.php 第 5 行.
NOTIC: [8] Undefined variable: cookies D:\wamp64\www\Weichat\Home\Controller\CurlController.class.php 第 11 行.
NOTIC: [8] Undefined offset: 2 D:\wamp64\www\Weichat\Home\Controller\IndexController.class.php 第 24 行.
INFO: [ app_end ] --START--
INFO: Run Behavior\ShowPageTraceBehavior [ RunTime:0.000000s ]
INFO: [ app_end ] --END-- [ RunTime:0.000000s ]

[ 2017-08-31T08:34:57+08:00 ] 192.168.1.65 /index.php/Home/Index/login?uuid=YZPMtCzeIQ%3D%3D
INFO: [ app_init ] --START--
INFO: Run Behavior\BuildLiteBehavior [ RunTime:0.000000s ]
INFO: [ app_init ] --END-- [ RunTime:0.001000s ]
INFO: [ app_begin ] --START--
INFO: Run Behavior\ReadHtmlCacheBehavior [ RunTime:0.001000s ]
INFO: [ app_begin ] --END-- [ RunTime:0.001000s ]
NOTIC: [2] Missing argument 2 for Home\Controller\CurlController::curl_get(), called in D:\wamp64\www\Weichat\Home\Controller\IndexController.class.php on line 20 and defined D:\wamp64\www\Weichat\Home\Controller\CurlController.class.php 第 5 行.
NOTIC: [8] Undefined variable: cookies D:\wamp64\www\Weichat\Home\Controller\CurlController.class.php 第 11 行.
NOTIC: [8] Undefined offset: 2 D:\wamp64\www\Weichat\Home\Controller\IndexController.class.php 第 24 行.
INFO: [ app_end ] --START--
INFO: Run Behavior\ShowPageTraceBehavior [ RunTime:0.002000s ]
INFO: [ app_end ] --END-- [ RunTime:0.002000s ]

[ 2017-08-31T08:34:57+08:00 ] 192.168.1.65 /index.php/Home/Index/login?uuid=YZPMtCzeIQ%3D%3D
INFO: [ app_init ] --START--
INFO: Run Behavior\BuildLiteBehavior [ RunTime:0.000000s ]
INFO: [ app_init ] --END-- [ RunTime:0.000000s ]
INFO: [ app_begin ] --START--
INFO: Run Behavior\ReadHtmlCacheBehavior [ RunTime:0.001000s ]
INFO: [ app_begin ] --END-- [ RunTime:0.001000s ]
NOTIC: [2] Missing argument 2 for Home\Controller\CurlController::curl_get(), called in D:\wamp64\www\Weichat\Home\Controller\IndexController.class.php on line 20 and defined D:\wamp64\www\Weichat\Home\Controller\CurlController.class.php 第 5 行.
NOTIC: [8] Undefined variable: cookies D:\wamp64\www\Weichat\Home\Controller\CurlController.class.php 第 11 行.
NOTIC: [8] Undefined offset: 2 D:\wamp64\www\Weichat\Home\Controller\IndexController.class.php 第 24 行.
INFO: [ app_end ] --START--
INFO: Run Behavior\ShowPageTraceBehavior [ RunTime:0.002000s ]
INFO: [ app_end ] --END-- [ RunTime:0.002000s ]

[ 2017-08-31T08:34:57+08:00 ] 192.168.1.65 /index.php/Home/Index/login?uuid=YZPMtCzeIQ%3D%3D
INFO: [ app_init ] --START--
INFO: Run Behavior\BuildLiteBehavior [ RunTime:0.000000s ]
INFO: [ app_init ] --END-- [ RunTime:0.001000s ]
INFO: [ app_begin ] --START--
INFO: Run Behavior\ReadHtmlCacheBehavior [ RunTime:0.000000s ]
INFO: [ app_begin ] --END-- [ RunTime:0.001000s ]
NOTIC: [2] Missing argument 2 for Home\Controller\CurlController::curl_get(), called in D:\wamp64\www\Weichat\Home\Controller\IndexController.class.php on line 20 and defined D:\wamp64\www\Weichat\Home\Controller\CurlController.class.php 第 5 行.
NOTIC: [8] Undefined variable: cookies D:\wamp64\www\Weichat\Home\Controller\CurlController.class.php 第 11 行.
NOTIC: [8] Undefined offset: 2 D:\wamp64\www\Weichat\Home\Controller\IndexController.class.php 第 24 行.
INFO: [ app_end ] --START--
INFO: Run Behavior\ShowPageTraceBehavior [ RunTime:0.001000s ]
INFO: [ app_end ] --END-- [ RunTime:0.002000s ]

[ 2017-08-31T08:34:58+08:00 ] 192.168.1.65 /index.php/Home/Index/login?uuid=YZPMtCzeIQ%3D%3D
INFO: [ app_init ] --START--
INFO: Run Behavior\BuildLiteBehavior [ RunTime:0.000000s ]
INFO: [ app_init ] --END-- [ RunTime:0.001000s ]
INFO: [ app_begin ] --START--
INFO: Run Behavior\ReadHtmlCacheBehavior [ RunTime:0.000000s ]
INFO: [ app_begin ] --END-- [ RunTime:0.002000s ]
NOTIC: [2] Missing argument 2 for Home\Controller\CurlController::curl_get(), called in D:\wamp64\www\Weichat\Home\Controller\IndexController.class.php on line 20 and defined D:\wamp64\www\Weichat\Home\Controller\CurlController.class.php 第 5 行.
NOTIC: [8] Undefined variable: cookies D:\wamp64\www\Weichat\Home\Controller\CurlController.class.php 第 11 行.
NOTIC: [8] Undefined offset: 2 D:\wamp64\www\Weichat\Home\Controller\IndexController.class.php 第 24 行.
INFO: [ app_end ] --START--
INFO: Run Behavior\ShowPageTraceBehavior [ RunTime:0.001000s ]
INFO: [ app_end ] --END-- [ RunTime:0.001000s ]

[ 2017-08-31T08:34:58+08:00 ] 192.168.1.65 /index.php/Home/Index/login?uuid=YZPMtCzeIQ%3D%3D
INFO: [ app_init ] --START--
INFO: Run Behavior\BuildLiteBehavior [ RunTime:0.000000s ]
INFO: [ app_init ] --END-- [ RunTime:0.010000s ]
INFO: [ app_begin ] --START--
INFO: Run Behavior\ReadHtmlCacheBehavior [ RunTime:0.000000s ]
INFO: [ app_begin ] --END-- [ RunTime:0.000000s ]
NOTIC: [2] Missing argument 2 for Home\Controller\CurlController::curl_get(), called in D:\wamp64\www\Weichat\Home\Controller\IndexController.class.php on line 20 and defined D:\wamp64\www\Weichat\Home\Controller\CurlController.class.php 第 5 行.
NOTIC: [8] Undefined variable: cookies D:\wamp64\www\Weichat\Home\Controller\CurlController.class.php 第 11 行.
NOTIC: [8] Undefined offset: 2 D:\wamp64\www\Weichat\Home\Controller\IndexController.class.php 第 24 行.
INFO: [ app_end ] --START--
INFO: Run Behavior\ShowPageTraceBehavior [ RunTime:0.002000s ]
INFO: [ app_end ] --END-- [ RunTime:0.002000s ]

[ 2017-08-31T08:34:58+08:00 ] 192.168.1.65 /index.php/Home/Index/login?uuid=YZPMtCzeIQ%3D%3D
INFO: [ app_init ] --START--
INFO: Run Behavior\BuildLiteBehavior [ RunTime:0.000000s ]
INFO: [ app_init ] --END-- [ RunTime:0.000000s ]
INFO: [ app_begin ] --START--
INFO: Run Behavior\ReadHtmlCacheBehavior [ RunTime:0.000000s ]
INFO: [ app_begin ] --END-- [ RunTime:0.000000s ]
NOTIC: [2] Missing argument 2 for Home\Controller\CurlController::curl_get(), called in D:\wamp64\www\Weichat\Home\Controller\IndexController.class.php on line 20 and defined D:\wamp64\www\Weichat\Home\Controller\CurlController.class.php 第 5 行.
NOTIC: [8] Undefined variable: cookies D:\wamp64\www\Weichat\Home\Controller\CurlController.class.php 第 11 行.
NOTIC: [8] Undefined offset: 2 D:\wamp64\www\Weichat\Home\Controller\IndexController.class.php 第 24 行.
INFO: [ app_end ] --START--
INFO: Run Behavior\ShowPageTraceBehavior [ RunTime:0.003000s ]
INFO: [ app_end ] --END-- [ RunTime:0.003000s ]

[ 2017-08-31T08:34:58+08:00 ] 192.168.1.65 /
INFO: [ app_init ] --START--
INFO: Run Behavior\BuildLiteBehavior [ RunTime:0.000000s ]
INFO: [ app_init ] --END-- [ RunTime:0.000000s ]
INFO: [ app_begin ] --START--
INFO: Run Behavior\ReadHtmlCacheBehavior [ RunTime:0.001000s ]
INFO: [ app_begin ] --END-- [ RunTime:0.001000s ]
NOTIC: [2] Missing argument 2 for Home\Controller\CurlController::curl_get(), called in D:\wamp64\www\Weichat\Home\Controller\IndexController.class.php on line 9 and defined D:\wamp64\www\Weichat\Home\Controller\CurlController.class.php 第 5 行.
NOTIC: [8] Undefined variable: cookies D:\wamp64\www\Weichat\Home\Controller\CurlController.class.php 第 11 行.
INFO: [ view_parse ] --START--
INFO: [ template_filter ] --START--
INFO: Run Behavior\ContentReplaceBehavior [ RunTime:0.000000s ]
INFO: [ template_filter ] --END-- [ RunTime:0.000000s ]
INFO: Run Behavior\ParseTemplateBehavior [ RunTime:0.006000s ]
INFO: [ view_parse ] --END-- [ RunTime:0.007000s ]
INFO: [ view_filter ] --START--
INFO: Run Behavior\WriteHtmlCacheBehavior [ RunTime:0.000000s ]
INFO: [ view_filter ] --END-- [ RunTime:0.000000s ]
INFO: [ app_end ] --START--
INFO: Run Behavior\ShowPageTraceBehavior [ RunTime:0.000000s ]
INFO: [ app_end ] --END-- [ RunTime:0.001001s ]

[ 2017-08-31T08:34:58+08:00 ] 192.168.1.65 /index.php/Home/Index/login?uuid=YZPMtCzeIQ%3D%3D
INFO: [ app_init ] --START--
INFO: Run Behavior\BuildLiteBehavior [ RunTime:0.000000s ]
INFO: [ app_init ] --END-- [ RunTime:0.001000s ]
INFO: [ app_begin ] --START--
INFO: Run Behavior\ReadHtmlCacheBehavior [ RunTime:0.001000s ]
INFO: [ app_begin ] --END-- [ RunTime:0.001000s ]
NOTIC: [2] Missing argument 2 for Home\Controller\CurlController::curl_get(), called in D:\wamp64\www\Weichat\Home\Controller\IndexController.class.php on line 20 and defined D:\wamp64\www\Weichat\Home\Controller\CurlController.class.php 第 5 行.
NOTIC: [8] Undefined variable: cookies D:\wamp64\www\Weichat\Home\Controller\CurlController.class.php 第 11 行.
NOTIC: [8] Undefined offset: 2 D:\wamp64\www\Weichat\Home\Controller\IndexController.class.php 第 24 行.
INFO: [ app_end ] --START--
INFO: Run Behavior\ShowPageTraceBehavior [ RunTime:0.001000s ]
INFO: [ app_end ] --END-- [ RunTime:0.001000s ]

[ 2017-08-31T08:34:59+08:00 ] 192.168.1.65 /index.php/Home/Index/login?uuid=YZPMtCzeIQ%3D%3D
INFO: [ app_init ] --START--
INFO: Run Behavior\BuildLiteBehavior [ RunTime:0.000000s ]
INFO: [ app_init ] --END-- [ RunTime:0.001000s ]
INFO: [ app_begin ] --START--
INFO: Run Behavior\ReadHtmlCacheBehavior [ RunTime:0.001000s ]
INFO: [ app_begin ] --END-- [ RunTime:0.001000s ]
NOTIC: [2] Missing argument 2 for Home\Controller\CurlController::curl_get(), called in D:\wamp64\www\Weichat\Home\Controller\IndexController.class.php on line 20 and defined D:\wamp64\www\Weichat\Home\Controller\CurlController.class.php 第 5 行.
NOTIC: [8] Undefined variable: cookies D:\wamp64\www\Weichat\Home\Controller\CurlController.class.php 第 11 行.
NOTIC: [8] Undefined offset: 2 D:\wamp64\www\Weichat\Home\Controller\IndexController.class.php 第 24 行.
INFO: [ app_end ] --START--
INFO: Run Behavior\ShowPageTraceBehavior [ RunTime:0.001001s ]
INFO: [ app_end ] --END-- [ RunTime:0.001001s ]

[ 2017-08-31T08:35:27+08:00 ] 192.168.1.65 /index.php/Home/Index/login?uuid=wZPO-UGSqA%3D%3D
INFO: [ app_init ] --START--
INFO: Run Behavior\BuildLiteBehavior [ RunTime:0.000000s ]
INFO: [ app_init ] --END-- [ RunTime:0.000000s ]
INFO: [ app_begin ] --START--
INFO: Run Behavior\ReadHtmlCacheBehavior [ RunTime:0.000000s ]
INFO: [ app_begin ] --END-- [ RunTime:0.000000s ]
NOTIC: [2] Missing argument 2 for Home\Controller\CurlController::curl_get(), called in D:\wamp64\www\Weichat\Home\Controller\IndexController.class.php on line 20 and defined D:\wamp64\www\Weichat\Home\Controller\CurlController.class.php 第 5 行.
NOTIC: [8] Undefined variable: cookies D:\wamp64\www\Weichat\Home\Controller\CurlController.class.php 第 11 行.
NOTIC: [8] Undefined offset: 2 D:\wamp64\www\Weichat\Home\Controller\IndexController.class.php 第 24 行.
INFO: [ app_end ] --START--
INFO: Run Behavior\ShowPageTraceBehavior [ RunTime:0.001000s ]
INFO: [ app_end ] --END-- [ RunTime:0.001000s ]

[ 2017-08-31T08:35:52+08:00 ] 192.168.1.65 /index.php/Home/Index/login?uuid=wZPO-UGSqA%3D%3D
INFO: [ app_init ] --START--
INFO: Run Behavior\BuildLiteBehavior [ RunTime:0.000000s ]
INFO: [ app_init ] --END-- [ RunTime:0.001000s ]
INFO: [ app_begin ] --START--
INFO: Run Behavior\ReadHtmlCacheBehavior [ RunTime:0.001000s ]
INFO: [ app_begin ] --END-- [ RunTime:0.001000s ]
NOTIC: [2] Missing argument 2 for Home\Controller\CurlController::curl_get(), called in D:\wamp64\www\Weichat\Home\Controller\IndexController.class.php on line 20 and defined D:\wamp64\www\Weichat\Home\Controller\CurlController.class.php 第 5 行.
NOTIC: [8] Undefined variable: cookies D:\wamp64\www\Weichat\Home\Controller\CurlController.class.php 第 11 行.
NOTIC: [8] Undefined offset: 2 D:\wamp64\www\Weichat\Home\Controller\IndexController.class.php 第 24 行.
INFO: [ app_end ] --START--
INFO: Run Behavior\ShowPageTraceBehavior [ RunTime:0.002000s ]
INFO: [ app_end ] --END-- [ RunTime:0.002000s ]

[ 2017-08-31T08:36:18+08:00 ] 192.168.1.65 /index.php/Home/Index/login?uuid=wZPO-UGSqA%3D%3D
INFO: [ app_init ] --START--
INFO: Run Behavior\BuildLiteBehavior [ RunTime:0.000000s ]
INFO: [ app_init ] --END-- [ RunTime:0.001000s ]
INFO: [ app_begin ] --START--
INFO: Run Behavior\ReadHtmlCacheBehavior [ RunTime:0.001001s ]
INFO: [ app_begin ] --END-- [ RunTime:0.001001s ]
NOTIC: [2] Missing argument 2 for Home\Controller\CurlController::curl_get(), called in D:\wamp64\www\Weichat\Home\Controller\IndexController.class.php on line 20 and defined D:\wamp64\www\Weichat\Home\Controller\CurlController.class.php 第 5 行.
NOTIC: [8] Undefined variable: cookies D:\wamp64\www\Weichat\Home\Controller\CurlController.class.php 第 11 行.
NOTIC: [8] Undefined offset: 2 D:\wamp64\www\Weichat\Home\Controller\IndexController.class.php 第 24 行.
INFO: [ app_end ] --START--
INFO: Run Behavior\ShowPageTraceBehavior [ RunTime:0.001000s ]
INFO: [ app_end ] --END-- [ RunTime:0.001000s ]

[ 2017-08-31T08:36:43+08:00 ] 192.168.1.65 /index.php/Home/Index/login?uuid=wZPO-UGSqA%3D%3D
INFO: [ app_init ] --START--
INFO: Run Behavior\BuildLiteBehavior [ RunTime:0.000000s ]
INFO: [ app_init ] --END-- [ RunTime:0.001000s ]
INFO: [ app_begin ] --START--
INFO: Run Behavior\ReadHtmlCacheBehavior [ RunTime:0.007001s ]
INFO: [ app_begin ] --END-- [ RunTime:0.007001s ]
NOTIC: [2] Missing argument 2 for Home\Controller\CurlController::curl_get(), called in D:\wamp64\www\Weichat\Home\Controller\IndexController.class.php on line 20 and defined D:\wamp64\www\Weichat\Home\Controller\CurlController.class.php 第 5 行.
NOTIC: [8] Undefined variable: cookies D:\wamp64\www\Weichat\Home\Controller\CurlController.class.php 第 11 行.
NOTIC: [8] Undefined offset: 2 D:\wamp64\www\Weichat\Home\Controller\IndexController.class.php 第 24 行.
INFO: [ app_end ] --START--
INFO: Run Behavior\ShowPageTraceBehavior [ RunTime:0.001000s ]
INFO: [ app_end ] --END-- [ RunTime:0.002000s ]

[ 2017-08-31T08:37:08+08:00 ] 192.168.1.65 /index.php/Home/Index/login?uuid=wZPO-UGSqA%3D%3D
INFO: [ app_init ] --START--
INFO: Run Behavior\BuildLiteBehavior [ RunTime:0.000000s ]
INFO: [ app_init ] --END-- [ RunTime:0.001000s ]
INFO: [ app_begin ] --START--
INFO: Run Behavior\ReadHtmlCacheBehavior [ RunTime:0.000000s ]
INFO: [ app_begin ] --END-- [ RunTime:0.001000s ]
NOTIC: [2] Missing argument 2 for Home\Controller\CurlController::curl_get(), called in D:\wamp64\www\Weichat\Home\Controller\IndexController.class.php on line 20 and defined D:\wamp64\www\Weichat\Home\Controller\CurlController.class.php 第 5 行.
NOTIC: [8] Undefined variable: cookies D:\wamp64\www\Weichat\Home\Controller\CurlController.class.php 第 11 行.
NOTIC: [8] Undefined offset: 2 D:\wamp64\www\Weichat\Home\Controller\IndexController.class.php 第 24 行.
INFO: [ app_end ] --START--
INFO: Run Behavior\ShowPageTraceBehavior [ RunTime:0.001000s ]
INFO: [ app_end ] --END-- [ RunTime:0.002000s ]

[ 2017-08-31T08:37:33+08:00 ] 192.168.1.65 /index.php/Home/Index/login?uuid=wZPO-UGSqA%3D%3D
INFO: [ app_init ] --START--
INFO: Run Behavior\BuildLiteBehavior [ RunTime:0.000000s ]
INFO: [ app_init ] --END-- [ RunTime:0.001000s ]
INFO: [ app_begin ] --START--
INFO: Run Behavior\ReadHtmlCacheBehavior [ RunTime:0.001000s ]
INFO: [ app_begin ] --END-- [ RunTime:0.001000s ]
NOTIC: [2] Missing argument 2 for Home\Controller\CurlController::curl_get(), called in D:\wamp64\www\Weichat\Home\Controller\IndexController.class.php on line 20 and defined D:\wamp64\www\Weichat\Home\Controller\CurlController.class.php 第 5 行.
NOTIC: [8] Undefined variable: cookies D:\wamp64\www\Weichat\Home\Controller\CurlController.class.php 第 11 行.

[ 2017-08-31T08:37:33+08:00 ] 192.168.1.65 /index.php/Home/Index/login?uuid=wZPO-UGSqA%3D%3D
INFO: [ app_init ] --START--
INFO: Run Behavior\BuildLiteBehavior [ RunTime:0.000000s ]
INFO: [ app_init ] --END-- [ RunTime:0.001000s ]
INFO: [ app_begin ] --START--
INFO: Run Behavior\ReadHtmlCacheBehavior [ RunTime:0.001000s ]
INFO: [ app_begin ] --END-- [ RunTime:0.001000s ]

[ 2017-08-31T08:37:59+08:00 ] 192.168.1.65 /index.php/Home/Index/login?uuid=wZPO-UGSqA%3D%3D
INFO: [ app_init ] --START--
INFO: Run Behavior\BuildLiteBehavior [ RunTime:0.001000s ]
INFO: [ app_init ] --END-- [ RunTime:0.002000s ]
INFO: [ app_begin ] --START--
INFO: Run Behavior\ReadHtmlCacheBehavior [ RunTime:0.001000s ]
INFO: [ app_begin ] --END-- [ RunTime:0.001000s ]
NOTIC: [2] Missing argument 2 for Home\Controller\CurlController::curl_get(), called in D:\wamp64\www\Weichat\Home\Controller\IndexController.class.php on line 20 and defined D:\wamp64\www\Weichat\Home\Controller\CurlController.class.php 第 5 行.
NOTIC: [8] Undefined variable: cookies D:\wamp64\www\Weichat\Home\Controller\CurlController.class.php 第 11 行.

[ 2017-08-31T08:38:24+08:00 ] 192.168.1.65 /index.php/Home/Index/login?uuid=wZPO-UGSqA%3D%3D
INFO: [ app_init ] --START--
INFO: Run Behavior\BuildLiteBehavior [ RunTime:0.000000s ]
INFO: [ app_init ] --END-- [ RunTime:0.001000s ]
INFO: [ app_begin ] --START--
INFO: Run Behavior\ReadHtmlCacheBehavior [ RunTime:0.001000s ]
INFO: [ app_begin ] --END-- [ RunTime:0.001000s ]
NOTIC: [2] Missing argument 2 for Home\Controller\CurlController::curl_get(), called in D:\wamp64\www\Weichat\Home\Controller\IndexController.class.php on line 20 and defined D:\wamp64\www\Weichat\Home\Controller\CurlController.class.php 第 5 行.
NOTIC: [8] Undefined variable: cookies D:\wamp64\www\Weichat\Home\Controller\CurlController.class.php 第 11 行.

